info: ::1 - - [27/Dec/2022:13:11:39 +0000] "POST /api/v1/users/forgottpassword HTTP/1.1" 500 51 "-" "PostmanRuntime/7.30.0"

info: ::1 - - [27/Dec/2022:13:11:58 +0000] "POST /api/v1/users/forgottpassword HTTP/1.1" 500 51 "-" "PostmanRuntime/7.30.0"

info: ::1 - - [27/Dec/2022:13:17:15 +0000] "POST /api/v1/users/forgottpassword HTTP/1.1" 500 51 "-" "PostmanRuntime/7.30.0"

info: ::1 - - [27/Dec/2022:13:17:58 +0000] "GET /api/v1/users HTTP/1.1" 200 746 "-" "PostmanRuntime/7.30.0"

info: ::1 - - [27/Dec/2022:13:18:58 +0000] "GET /api/v1/users HTTP/1.1" 200 746 "-" "PostmanRuntime/7.30.0"

info: ::1 - - [27/Dec/2022:13:21:57 +0000] "POST /api/v1/users/forgottpassword HTTP/1.1" 500 51 "-" "PostmanRuntime/7.30.0"

info: ::1 - - [27/Dec/2022:13:22:49 +0000] "POST /api/v1/users/forgottpassword HTTP/1.1" 500 51 "-" "PostmanRuntime/7.30.0"

info: ::1 - - [27/Dec/2022:13:24:01 +0000] "GET /api/v1/users HTTP/1.1" 200 746 "-" "PostmanRuntime/7.30.0"

info: ::1 - - [27/Dec/2022:13:25:26 +0000] "POST /api/v1/users/forgottpassword HTTP/1.1" 202 270 "-" "PostmanRuntime/7.30.0"

info: ::1 - - [27/Dec/2022:13:26:05 +0000] "POST /api/v1/users/forgottpassword HTTP/1.1" 202 270 "-" "PostmanRuntime/7.30.0"

info: ::1 - - [27/Dec/2022:13:34:03 +0000] "PUT /api/v1/users/resetpassword HTTP/1.1" 500 67 "-" "PostmanRuntime/7.30.0"

info: ::1 - - [27/Dec/2022:13:36:03 +0000] "PUT /api/v1/users/resetpassword HTTP/1.1" 500 62 "-" "PostmanRuntime/7.30.0"

info: ::1 - - [27/Dec/2022:13:36:40 +0000] "PUT /api/v1/users/resetpassword HTTP/1.1" 201 259 "-" "PostmanRuntime/7.30.0"

info: ::1 - - [27/Dec/2022:13:37:27 +0000] "PUT /api/v1/users/resetpassword HTTP/1.1" 201 264 "-" "PostmanRuntime/7.30.0"

info: ::1 - - [27/Dec/2022:13:38:02 +0000] "PUT /api/v1/users/resetpassword HTTP/1.1" 201 265 "-" "PostmanRuntime/7.30.0"

info: ::1 - - [27/Dec/2022:13:38:51 +0000] "POST /api/v1/users/loginuser HTTP/1.1" 500 54 "-" "PostmanRuntime/7.30.0"

info: ::1 - - [27/Dec/2022:13:39:06 +0000] "POST /api/v1/users/loginuser HTTP/1.1" 500 54 "-" "PostmanRuntime/7.30.0"

info: ::1 - - [27/Dec/2022:13:39:16 +0000] "GET /api/v1/users HTTP/1.1" 200 746 "-" "PostmanRuntime/7.30.0"

info: ::1 - - [27/Dec/2022:13:39:36 +0000] "GET /api/v1/users/loginuser HTTP/1.1" 404 47 "-" "PostmanRuntime/7.30.0"

info: ::1 - - [27/Dec/2022:13:40:12 +0000] "GET /api/v1/users/loginuser HTTP/1.1" 404 47 "-" "PostmanRuntime/7.30.0"

info: ::1 - - [27/Dec/2022:13:40:54 +0000] "GET /api/v1/users/loginuser HTTP/1.1" 404 47 "-" "PostmanRuntime/7.30.0"

info: ::1 - - [27/Dec/2022:13:42:03 +0000] "GET /api/v1/users/loginuser HTTP/1.1" 404 47 "-" "PostmanRuntime/7.30.0"

info: ::1 - - [27/Dec/2022:13:43:06 +0000] "POST /api/v1/users/loginuser HTTP/1.1" 500 54 "-" "PostmanRuntime/7.30.0"

info: ::1 - - [27/Dec/2022:13:44:22 +0000] "POST /api/v1/users/loginuser HTTP/1.1" 500 54 "-" "PostmanRuntime/7.30.0"

info: ::1 - - [27/Dec/2022:13:45:49 +0000] "POST /api/v1/users/loginuser HTTP/1.1" 500 54 "-" "PostmanRuntime/7.30.0"

info: ::1 - - [27/Dec/2022:13:46:36 +0000] "POST /api/v1/users/loginuser HTTP/1.1" 500 54 "-" "PostmanRuntime/7.30.0"

info: ::1 - - [27/Dec/2022:16:54:42 +0000] "POST /api/v1/users/loginuser HTTP/1.1" 500 54 "-" "PostmanRuntime/7.30.0"

info: ::1 - - [27/Dec/2022:16:59:03 +0000] "POST /api/v1/users/register HTTP/1.1" 201 314 "-" "PostmanRuntime/7.30.0"

info: ::1 - - [27/Dec/2022:16:59:39 +0000] "POST /api/v1/users/loginuser HTTP/1.1" 200 240 "-" "PostmanRuntime/7.30.0"

info: ::1 - - [27/Dec/2022:17:00:43 +0000] "POST /api/v1/users/loginuser HTTP/1.1" - - "-" "PostmanRuntime/7.30.0"

info: ::1 - - [27/Dec/2022:17:00:50 +0000] "POST /api/v1/users/loginuser HTTP/1.1" 200 240 "-" "PostmanRuntime/7.30.0"

info: ::1 - - [27/Dec/2022:17:02:52 +0000] "POST /api/v1/users/forgottpassword HTTP/1.1" 202 271 "-" "PostmanRuntime/7.30.0"

info: ::1 - - [27/Dec/2022:17:03:23 +0000] "POST /api/v1/users/forgottpassword HTTP/1.1" 202 271 "-" "PostmanRuntime/7.30.0"

info: ::1 - - [27/Dec/2022:17:05:11 +0000] "PUT /api/v1/users/resetpassword HTTP/1.1" 500 67 "-" "PostmanRuntime/7.30.0"

