info: ::1 - - [20/Dec/2022:04:38:58 +0000] "GET /api/v1/register HTTP/1.1" 404 47 "-" "PostmanRuntime/7.30.0"

info: ::1 - - [20/Dec/2022:04:39:12 +0000] "GET /api/v1 HTTP/1.1" 200 9 "-" "PostmanRuntime/7.30.0"

info: ::1 - - [20/Dec/2022:04:39:32 +0000] "GET /api/v1/users HTTP/1.1" 200 480 "-" "PostmanRuntime/7.30.0"

info: ::1 - - [20/Dec/2022:04:40:33 +0000] "POST /api/v1/users/register HTTP/1.1" 500 89 "-" "PostmanRuntime/7.30.0"

info: ::1 - - [20/Dec/2022:04:40:47 +0000] "POST /api/v1/users/register HTTP/1.1" 201 262 "-" "PostmanRuntime/7.30.0"

info: ::1 - - [20/Dec/2022:04:40:59 +0000] "GET /api/v1/users HTTP/1.1" 200 685 "-" "PostmanRuntime/7.30.0"

info: ::1 - - [20/Dec/2022:05:01:06 +0000] "GET /api/v1/users/loginuser HTTP/1.1" 400 56 "-" "PostmanRuntime/7.30.0"

info: ::1 - - [20/Dec/2022:05:01:49 +0000] "POST /api/v1/users/loginuser HTTP/1.1" 201 224 "-" "PostmanRuntime/7.30.0"

info: ::1 - - [20/Dec/2022:05:02:02 +0000] "POST /api/v1/users/loginuser HTTP/1.1" 201 226 "-" "PostmanRuntime/7.30.0"

info: ::1 - - [20/Dec/2022:05:03:45 +0000] "POST /api/v1/users/loginuser HTTP/1.1" 201 226 "-" "PostmanRuntime/7.30.0"

info: ::1 - - [20/Dec/2022:05:04:01 +0000] "POST /api/v1/users/loginuser HTTP/1.1" 201 228 "-" "PostmanRuntime/7.30.0"

info: ::1 - - [20/Dec/2022:05:06:17 +0000] "POST /api/v1/users/loginuser HTTP/1.1" 404 47 "-" "PostmanRuntime/7.30.0"

info: ::1 - - [20/Dec/2022:05:06:40 +0000] "POST /api/v1/users/loginuser HTTP/1.1" 404 47 "-" "PostmanRuntime/7.30.0"

info: ::1 - - [20/Dec/2022:05:06:54 +0000] "POST /api/v1/users/loginuser HTTP/1.1" 404 47 "-" "PostmanRuntime/7.30.0"

info: ::1 - - [20/Dec/2022:05:09:39 +0000] "POST /api/v1/users/loginuser HTTP/1.1" 404 47 "-" "PostmanRuntime/7.30.0"

info: ::1 - - [20/Dec/2022:05:11:35 +0000] "POST /api/v1/users/loginuser HTTP/1.1" 200 1361 "-" "PostmanRuntime/7.30.0"

info: ::1 - - [20/Dec/2022:05:17:01 +0000] "POST /api/v1/users/loginuser HTTP/1.1" 400 622 "-" "PostmanRuntime/7.30.0"

info: ::1 - - [20/Dec/2022:05:19:06 +0000] "POST /api/v1/users/loginuser HTTP/1.1" 200 622 "-" "PostmanRuntime/7.30.0"

info: ::1 - - [20/Dec/2022:05:19:50 +0000] "POST /api/v1/users/loginuser HTTP/1.1" 200 597 "-" "PostmanRuntime/7.30.0"

info: ::1 - - [20/Dec/2022:05:20:07 +0000] "POST /api/v1/users/loginuser HTTP/1.1" 200 359 "-" "PostmanRuntime/7.30.0"

info: ::1 - - [20/Dec/2022:05:33:31 +0000] "POST /api/v1/users/loginuser HTTP/1.1" 200 62 "-" "PostmanRuntime/7.30.0"

info: ::1 - - [20/Dec/2022:05:34:31 +0000] "POST /api/v1/users/loginuser HTTP/1.1" 200 62 "-" "PostmanRuntime/7.30.0"

info: ::1 - - [20/Dec/2022:05:34:41 +0000] "POST /api/v1/users/loginuser HTTP/1.1" 200 62 "-" "PostmanRuntime/7.30.0"

info: ::1 - - [20/Dec/2022:05:36:33 +0000] "POST /api/v1/users/loginuser HTTP/1.1" 200 62 "-" "PostmanRuntime/7.30.0"

info: ::1 - - [20/Dec/2022:05:36:59 +0000] "POST /api/v1/users/loginuser HTTP/1.1" 500 54 "-" "PostmanRuntime/7.30.0"

info: ::1 - - [20/Dec/2022:05:38:03 +0000] "POST /api/v1/users/loginuser HTTP/1.1" 500 54 "-" "PostmanRuntime/7.30.0"

info: ::1 - - [20/Dec/2022:05:39:10 +0000] "POST /api/v1/users/loginuser HTTP/1.1" 200 597 "-" "PostmanRuntime/7.30.0"

info: ::1 - - [20/Dec/2022:05:39:35 +0000] "POST /api/v1/users/loginuser HTTP/1.1" 200 22 "-" "PostmanRuntime/7.30.0"

info: ::1 - - [20/Dec/2022:05:40:39 +0000] "POST /api/v1/users/loginuser HTTP/1.1" 500 54 "-" "PostmanRuntime/7.30.0"

info: ::1 - - [20/Dec/2022:05:41:17 +0000] "POST /api/v1/users/loginuser HTTP/1.1" 500 54 "-" "PostmanRuntime/7.30.0"

info: ::1 - - [20/Dec/2022:05:41:22 +0000] "POST /api/v1/users/loginuser HTTP/1.1" 500 54 "-" "PostmanRuntime/7.30.0"

info: ::1 - - [20/Dec/2022:05:42:01 +0000] "POST /api/v1/users/loginuser HTTP/1.1" 200 22 "-" "PostmanRuntime/7.30.0"

info: ::1 - - [20/Dec/2022:05:43:04 +0000] "POST /api/v1/users/loginuser HTTP/1.1" 200 24 "-" "PostmanRuntime/7.30.0"

info: ::1 - - [20/Dec/2022:05:44:41 +0000] "POST /api/v1/users/loginuser HTTP/1.1" 500 60 "-" "PostmanRuntime/7.30.0"

info: ::1 - - [20/Dec/2022:05:45:37 +0000] "POST /api/v1/users/loginuser HTTP/1.1" 200 24 "-" "PostmanRuntime/7.30.0"

info: ::1 - - [20/Dec/2022:05:46:32 +0000] "POST /api/v1/users/loginuser HTTP/1.1" 201 24 "-" "PostmanRuntime/7.30.0"

info: ::1 - - [20/Dec/2022:05:47:16 +0000] "POST /api/v1/users/loginuser HTTP/1.1" 201 24 "-" "PostmanRuntime/7.30.0"

info: ::1 - - [20/Dec/2022:05:47:57 +0000] "POST /api/v1/users/loginuser HTTP/1.1" 201 22 "-" "PostmanRuntime/7.30.0"

info: ::1 - - [20/Dec/2022:05:50:05 +0000] "POST /api/v1/users/loginuser HTTP/1.1" 201 227 "-" "PostmanRuntime/7.30.0"

info: ::1 - - [20/Dec/2022:05:50:50 +0000] "POST /api/v1/users/loginuser HTTP/1.1" 404 47 "-" "PostmanRuntime/7.30.0"

info: ::1 - - [20/Dec/2022:05:50:59 +0000] "POST /api/v1/users/loginuser HTTP/1.1" 404 47 "-" "PostmanRuntime/7.30.0"

info: ::1 - - [20/Dec/2022:05:51:13 +0000] "GET /api/v1/users HTTP/1.1" 200 1531 "-" "PostmanRuntime/7.30.0"

info: ::1 - - [20/Dec/2022:05:51:43 +0000] "DELETE /api/v1/users/63a14d0d39219f509c3aed3b HTTP/1.1" 200 60 "-" "PostmanRuntime/7.30.0"

info: ::1 - - [20/Dec/2022:05:51:55 +0000] "GET /api/v1/users HTTP/1.1" 200 1361 "-" "PostmanRuntime/7.30.0"

info: ::1 - - [20/Dec/2022:05:52:16 +0000] "DELETE /api/v1/users/63a141bde8271d1a44eecb70 HTTP/1.1" 200 60 "-" "PostmanRuntime/7.30.0"

info: ::1 - - [20/Dec/2022:05:52:32 +0000] "GET /api/v1/users HTTP/1.1" 200 1194 "-" "PostmanRuntime/7.30.0"

info: ::1 - - [20/Dec/2022:05:53:16 +0000] "DELETE /api/v1/users/63a141cae8271d1a44eecb72 HTTP/1.1" 200 60 "-" "PostmanRuntime/7.30.0"

info: ::1 - - [20/Dec/2022:05:53:28 +0000] "GET /api/v1/users HTTP/1.1" 200 1025 "-" "PostmanRuntime/7.30.0"

info: ::1 - - [20/Dec/2022:05:53:53 +0000] "DELETE /api/v1/users/63a14230d643ed650c205850 HTTP/1.1" 200 60 "-" "PostmanRuntime/7.30.0"

info: ::1 - - [20/Dec/2022:05:54:06 +0000] "GET /api/v1/users HTTP/1.1" 200 856 "-" "PostmanRuntime/7.30.0"

info: ::1 - - [20/Dec/2022:05:54:32 +0000] "DELETE /api/v1/users/63a14241d643ed650c205852 HTTP/1.1" 200 60 "-" "PostmanRuntime/7.30.0"

info: ::1 - - [20/Dec/2022:05:54:45 +0000] "GET /api/v1/users HTTP/1.1" 200 685 "-" "PostmanRuntime/7.30.0"

info: ::1 - - [20/Dec/2022:06:05:46 +0000] "GET /api/v1/users HTTP/1.1" 200 685 "-" "PostmanRuntime/7.30.0"

info: ::1 - - [20/Dec/2022:06:06:04 +0000] "POST /api/v1/users/loginuser HTTP/1.1" 201 227 "-" "PostmanRuntime/7.30.0"

info: ::1 - - [20/Dec/2022:06:07:28 +0000] "POST /api/v1/users/loginuser HTTP/1.1" 201 227 "-" "PostmanRuntime/7.30.0"

info: ::1 - - [20/Dec/2022:06:07:50 +0000] "GET /api/v1/users HTTP/1.1" 200 1025 "-" "PostmanRuntime/7.30.0"

info: ::1 - - [20/Dec/2022:06:08:59 +0000] "GET /api/v1/users HTTP/1.1" 200 1025 "-" "PostmanRuntime/7.30.0"

info: ::1 - - [20/Dec/2022:06:09:21 +0000] "POST /api/v1/users/loginuser HTTP/1.1" 500 54 "-" "PostmanRuntime/7.30.0"

info: ::1 - - [20/Dec/2022:06:14:02 +0000] "POST /api/v1/users/loginuser HTTP/1.1" 500 54 "-" "PostmanRuntime/7.30.0"

info: ::1 - - [20/Dec/2022:06:20:54 +0000] "POST /api/v1/users/loginuser HTTP/1.1" 500 54 "-" "PostmanRuntime/7.30.0"

info: ::1 - - [20/Dec/2022:06:22:09 +0000] "POST /api/v1/users/loginuser HTTP/1.1" 500 54 "-" "PostmanRuntime/7.30.0"

info: ::1 - - [20/Dec/2022:06:22:56 +0000] "POST /api/v1/users/loginuser HTTP/1.1" 500 54 "-" "PostmanRuntime/7.30.0"

info: ::1 - - [20/Dec/2022:06:24:28 +0000] "POST /api/v1/users/loginuser HTTP/1.1" 500 54 "-" "PostmanRuntime/7.30.0"

info: ::1 - - [20/Dec/2022:06:25:26 +0000] "POST /api/v1/users/loginuser HTTP/1.1" 500 54 "-" "PostmanRuntime/7.30.0"

info: ::1 - - [20/Dec/2022:09:43:46 +0000] "POST /api/v1/users/loginuser HTTP/1.1" 500 54 "-" "PostmanRuntime/7.30.0"

info: ::1 - - [20/Dec/2022:09:58:27 +0000] "POST /api/v1/users/loginuser HTTP/1.1" 500 54 "-" "PostmanRuntime/7.30.0"

info: ::1 - - [20/Dec/2022:09:59:25 +0000] "POST /api/v1/users/loginuser HTTP/1.1" 200 59 "-" "PostmanRuntime/7.30.0"

info: ::1 - - [20/Dec/2022:10:00:22 +0000] "GET /api/v1/users HTTP/1.1" 200 1025 "-" "PostmanRuntime/7.30.0"

info: ::1 - - [20/Dec/2022:10:00:57 +0000] "POST /api/v1/users/loginuser HTTP/1.1" 500 54 "-" "PostmanRuntime/7.30.0"

info: ::1 - - [20/Dec/2022:10:01:50 +0000] "POST /api/v1/users/loginuser HTTP/1.1" 500 54 "-" "PostmanRuntime/7.30.0"

info: ::1 - - [20/Dec/2022:10:02:55 +0000] "POST /api/v1/users/loginuser HTTP/1.1" 500 54 "-" "PostmanRuntime/7.30.0"

info: ::1 - - [20/Dec/2022:10:02:58 +0000] "POST /api/v1/users/loginuser HTTP/1.1" 500 54 "-" "PostmanRuntime/7.30.0"

info: ::1 - - [20/Dec/2022:10:03:36 +0000] "POST /api/v1/users/loginuser HTTP/1.1" 500 54 "-" "PostmanRuntime/7.30.0"

info: ::1 - - [20/Dec/2022:10:03:38 +0000] "POST /api/v1/users/loginuser HTTP/1.1" 500 54 "-" "PostmanRuntime/7.30.0"

info: ::1 - - [20/Dec/2022:10:04:54 +0000] "POST /api/v1/users/loginuser HTTP/1.1" 200 66 "-" "PostmanRuntime/7.30.0"

info: ::1 - - [20/Dec/2022:10:05:22 +0000] "POST /api/v1/users/loginuser HTTP/1.1" 500 84 "-" "PostmanRuntime/7.30.0"

info: ::1 - - [20/Dec/2022:10:05:54 +0000] "POST /api/v1/users/loginuser HTTP/1.1" 500 54 "-" "PostmanRuntime/7.30.0"

info: ::1 - - [20/Dec/2022:12:01:11 +0000] "POST /api/v1/users/loginuser HTTP/1.1" 200 59 "-" "PostmanRuntime/7.30.0"

info: ::1 - - [20/Dec/2022:12:01:58 +0000] "POST /api/v1/users/loginuser HTTP/1.1" 500 54 "-" "PostmanRuntime/7.30.0"

info: ::1 - - [20/Dec/2022:12:03:15 +0000] "POST /api/v1/users/loginuser HTTP/1.1" 500 54 "-" "PostmanRuntime/7.30.0"

info: ::1 - - [20/Dec/2022:12:03:18 +0000] "POST /api/v1/users/loginuser HTTP/1.1" 500 54 "-" "PostmanRuntime/7.30.0"

info: ::1 - - [20/Dec/2022:12:07:18 +0000] "POST /api/v1/users/loginuser HTTP/1.1" 500 54 "-" "PostmanRuntime/7.30.0"

info: ::1 - - [20/Dec/2022:12:07:31 +0000] "GET /api/v1/users HTTP/1.1" 200 1025 "-" "PostmanRuntime/7.30.0"

info: ::1 - - [20/Dec/2022:12:08:10 +0000] "POST /api/v1/users/loginuser HTTP/1.1" 500 54 "-" "PostmanRuntime/7.30.0"

info: ::1 - - [20/Dec/2022:12:08:57 +0000] "POST /api/v1/users/loginuser HTTP/1.1" 500 86 "-" "PostmanRuntime/7.30.0"

info: ::1 - - [20/Dec/2022:12:09:40 +0000] "POST /api/v1/users/loginuser HTTP/1.1" 500 86 "-" "PostmanRuntime/7.30.0"

info: ::1 - - [20/Dec/2022:12:10:01 +0000] "POST /api/v1/users/loginuser HTTP/1.1" 500 84 "-" "PostmanRuntime/7.30.0"

info: ::1 - - [20/Dec/2022:12:10:30 +0000] "POST /api/v1/users/loginuser HTTP/1.1" 500 54 "-" "PostmanRuntime/7.30.0"

