info: ::1 - - [23/Dec/2022:02:41:16 +0000] "POST /api/v1/users/loginuser HTTP/1.1" 200 243 "-" "PostmanRuntime/7.30.0"

info: ::1 - - [23/Dec/2022:06:47:20 +0000] "GET /api/v1/notes/add HTTP/1.1" 404 47 "-" "PostmanRuntime/7.30.0"

info: ::1 - - [23/Dec/2022:06:47:30 +0000] "POST /api/v1/notes/add HTTP/1.1" 400 56 "-" "PostmanRuntime/7.30.0"

info: ::1 - - [23/Dec/2022:06:48:15 +0000] "POST /api/v1/notes/add HTTP/1.1" 500 88 "-" "PostmanRuntime/7.30.0"

info: ::1 - - [23/Dec/2022:06:49:03 +0000] "POST /api/v1/notes/add HTTP/1.1" 201 179 "-" "PostmanRuntime/7.30.0"

info: ::1 - - [23/Dec/2022:06:50:47 +0000] "GET /api/v1/notes HTTP/1.1" 500 77 "-" "PostmanRuntime/7.30.0"

info: ::1 - - [23/Dec/2022:06:51:38 +0000] "GET /api/v1/notes HTTP/1.1" 500 77 "-" "PostmanRuntime/7.30.0"

info: ::1 - - [23/Dec/2022:06:54:42 +0000] "GET /api/v1/notes HTTP/1.1" 200 185 "-" "PostmanRuntime/7.30.0"

info: ::1 - - [23/Dec/2022:07:00:44 +0000] "GET /api/v1/notes HTTP/1.1" 200 185 "-" "PostmanRuntime/7.30.0"

info: ::1 - - [23/Dec/2022:07:00:55 +0000] "POST /api/v1/notes/add HTTP/1.1" 201 179 "-" "PostmanRuntime/7.30.0"

info: ::1 - - [23/Dec/2022:07:01:07 +0000] "POST /api/v1/notes/add HTTP/1.1" 201 179 "-" "PostmanRuntime/7.30.0"

info: ::1 - - [23/Dec/2022:07:03:25 +0000] "POST /api/v1/notes/add HTTP/1.1" 201 216 "-" "PostmanRuntime/7.30.0"

info: ::1 - - [23/Dec/2022:07:03:50 +0000] "GET /api/v1/notes HTTP/1.1" 200 696 "-" "PostmanRuntime/7.30.0"

info: ::1 - - [23/Dec/2022:07:04:16 +0000] "DELETE /api/v1/notes/63a54f5d69863039f835cb20 HTTP/1.1" 404 47 "-" "PostmanRuntime/7.30.0"

info: ::1 - - [23/Dec/2022:07:05:14 +0000] "DELETE /api/v1/notes/63a54f5d69863039f835cb20 HTTP/1.1" 404 47 "-" "PostmanRuntime/7.30.0"

info: ::1 - - [23/Dec/2022:07:05:15 +0000] "DELETE /api/v1/notes/63a54f5d69863039f835cb20 HTTP/1.1" 404 47 "-" "PostmanRuntime/7.30.0"

info: ::1 - - [23/Dec/2022:07:05:29 +0000] "GET /api/v1/notes HTTP/1.1" 200 696 "-" "PostmanRuntime/7.30.0"

info: ::1 - - [23/Dec/2022:07:05:56 +0000] "DELETE /api/v1/notes/63a54f5d69863039f835cb20 HTTP/1.1" 404 47 "-" "PostmanRuntime/7.30.0"

info: ::1 - - [23/Dec/2022:07:06:40 +0000] "GET /api/v1/notes/63a54f5d69863039f835cb20 HTTP/1.1" 404 47 "-" "PostmanRuntime/7.30.0"

info: ::1 - - [23/Dec/2022:07:06:56 +0000] "PUT /api/v1/notes/63a54f5d69863039f835cb20 HTTP/1.1" 404 47 "-" "PostmanRuntime/7.30.0"

info: ::1 - - [23/Dec/2022:07:08:42 +0000] "GET /api/v1/notes/63a54f5d69863039f835cb20 HTTP/1.1" 404 47 "-" "PostmanRuntime/7.30.0"

info: ::1 - - [23/Dec/2022:07:08:52 +0000] "GET /api/v1/notes HTTP/1.1" 200 696 "-" "PostmanRuntime/7.30.0"

info: ::1 - - [23/Dec/2022:07:09:17 +0000] "GET /api/v1/notes/63a54f5d69863039f835cb20 HTTP/1.1" 404 47 "-" "PostmanRuntime/7.30.0"

info: ::1 - - [23/Dec/2022:07:09:29 +0000] "GET /api/v1/notes/63a54f5d69863039f835cb20 HTTP/1.1" 404 47 "-" "PostmanRuntime/7.30.0"

info: ::1 - - [23/Dec/2022:07:10:21 +0000] "GET /api/v1/notes/63a54f5d69863039f835cb20 HTTP/1.1" 200 216 "-" "PostmanRuntime/7.30.0"

info: ::1 - - [23/Dec/2022:07:10:31 +0000] "DELETE /api/v1/notes/63a54f5d69863039f835cb20 HTTP/1.1" 200 61 "-" "PostmanRuntime/7.30.0"

info: ::1 - - [23/Dec/2022:07:10:45 +0000] "GET /api/v1/notes HTTP/1.1" 200 538 "-" "PostmanRuntime/7.30.0"

