info: Server started at http://localhost:5000/api/v1/ {"timestamp":"2022-12-23T02:41:07.868Z"}
info: Connected to the database. {"timestamp":"2022-12-23T02:41:10.762Z"}
info: Server started at http://localhost:5000/api/v1/ {"timestamp":"2022-12-23T02:49:10.067Z"}
info: Connected to the database. {"timestamp":"2022-12-23T02:49:13.756Z"}
info: Server started at http://localhost:5000/api/v1/ {"timestamp":"2022-12-23T06:42:12.481Z"}
info: Connected to the database. {"timestamp":"2022-12-23T06:42:28.405Z"}
error: 
      status - 400
      message - Authorization token is required 
      url - /api/v1/notes/add 
      method - POST 
      IP - ::1
     {"timestamp":"2022-12-23T06:47:30.119Z"}
error: 
    status - 500 
    message - TypeError: Cannot read properties of undefined (reading 'email')
    at _callee$ (C:\Users\Gajanan\OneDrive\Desktop\BasicsJS\Fundo-note\Fundo-note\src\middlewares\/auth.middleware.js:23:26)
    at tryCatch (C:\Users\Gajanan\OneDrive\Desktop\BasicsJS\Fundo-note\Fundo-note\node_modules\@babel\runtime\helpers\regeneratorRuntime.js:44:17)
    at Generator.<anonymous> (C:\Users\Gajanan\OneDrive\Desktop\BasicsJS\Fundo-note\Fundo-note\node_modules\@babel\runtime\helpers\regeneratorRuntime.js:125:22)
    at Generator.next (C:\Users\Gajanan\OneDrive\Desktop\BasicsJS\Fundo-note\Fundo-note\node_modules\@babel\runtime\helpers\regeneratorRuntime.js:69:21)
    at asyncGeneratorStep (C:\Users\Gajanan\OneDrive\Desktop\BasicsJS\Fundo-note\Fundo-note\node_modules\@babel\runtime\helpers\asyncToGenerator.js:3:24)
    at _next (C:\Users\Gajanan\OneDrive\Desktop\BasicsJS\Fundo-note\Fundo-note\node_modules\@babel\runtime\helpers\asyncToGenerator.js:22:9) 
    url - /api/v1/notes/add 
    method - POST 
    IP - ::1
   {"timestamp":"2022-12-23T06:48:15.635Z"}
info: Server started at http://localhost:5000/api/v1/ {"timestamp":"2022-12-23T06:49:00.581Z"}
info: Connected to the database. {"timestamp":"2022-12-23T06:49:03.088Z"}
error: 
    status - 500 
    message - TypeError: notesService.getAllUsers is not a function
    at _callee$ (C:\Users\Gajanan\OneDrive\Desktop\BasicsJS\Fundo-note\Fundo-note\src\controllers\/notes.controller.js:12:37)
    at tryCatch (C:\Users\Gajanan\OneDrive\Desktop\BasicsJS\Fundo-note\Fundo-note\node_modules\@babel\runtime\helpers\regeneratorRuntime.js:44:17)
    at Generator.<anonymous> (C:\Users\Gajanan\OneDrive\Desktop\BasicsJS\Fundo-note\Fundo-note\node_modules\@babel\runtime\helpers\regeneratorRuntime.js:125:22)
    at Generator.next (C:\Users\Gajanan\OneDrive\Desktop\BasicsJS\Fundo-note\Fundo-note\node_modules\@babel\runtime\helpers\regeneratorRuntime.js:69:21)
    at asyncGeneratorStep (C:\Users\Gajanan\OneDrive\Desktop\BasicsJS\Fundo-note\Fundo-note\node_modules\@babel\runtime\helpers\asyncToGenerator.js:3:24)
    at _next (C:\Users\Gajanan\OneDrive\Desktop\BasicsJS\Fundo-note\Fundo-note\node_modules\@babel\runtime\helpers\asyncToGenerator.js:22:9)
    at C:\Users\Gajanan\OneDrive\Desktop\BasicsJS\Fundo-note\Fundo-note\node_modules\@babel\runtime\helpers\asyncToGenerator.js:27:7
    at new Promise (<anonymous>)
    at C:\Users\Gajanan\OneDrive\Desktop\BasicsJS\Fundo-note\Fundo-note\node_modules\@babel\runtime\helpers\asyncToGenerator.js:19:12
    at getAllnotes (C:\Users\Gajanan\OneDrive\Desktop\BasicsJS\Fundo-note\Fundo-note\src\controllers\/notes.controller.js:10:25)
    at Layer.handle [as handle_request] (C:\Users\Gajanan\OneDrive\Desktop\BasicsJS\Fundo-note\Fundo-note\node_modules\express\lib\router\layer.js:95:5)
    at next (C:\Users\Gajanan\OneDrive\Desktop\BasicsJS\Fundo-note\Fundo-note\node_modules\express\lib\router\route.js:144:13)
    at Route.dispatch (C:\Users\Gajanan\OneDrive\Desktop\BasicsJS\Fundo-note\Fundo-note\node_modules\express\lib\router\route.js:114:3)
    at Layer.handle [as handle_request] (C:\Users\Gajanan\OneDrive\Desktop\BasicsJS\Fundo-note\Fundo-note\node_modules\express\lib\router\layer.js:95:5)
    at C:\Users\Gajanan\OneDrive\Desktop\BasicsJS\Fundo-note\Fundo-note\node_modules\express\lib\router\index.js:284:15
    at Function.process_params (C:\Users\Gajanan\OneDrive\Desktop\BasicsJS\Fundo-note\Fundo-note\node_modules\express\lib\router\index.js:346:12)
    at next (C:\Users\Gajanan\OneDrive\Desktop\BasicsJS\Fundo-note\Fundo-note\node_modules\express\lib\router\index.js:280:10)
    at Function.handle (C:\Users\Gajanan\OneDrive\Desktop\BasicsJS\Fundo-note\Fundo-note\node_modules\express\lib\router\index.js:175:3)
    at router (C:\Users\Gajanan\OneDrive\Desktop\BasicsJS\Fundo-note\Fundo-note\node_modules\express\lib\router\index.js:47:12)
    at Layer.handle [as handle_request] (C:\Users\Gajanan\OneDrive\Desktop\BasicsJS\Fundo-note\Fundo-note\node_modules\express\lib\router\layer.js:95:5)
    at trim_prefix (C:\Users\Gajanan\OneDrive\Desktop\BasicsJS\Fundo-note\Fundo-note\node_modules\express\lib\router\index.js:328:13)
    at C:\Users\Gajanan\OneDrive\Desktop\BasicsJS\Fundo-note\Fundo-note\node_modules\express\lib\router\index.js:286:9
    at Function.process_params (C:\Users\Gajanan\OneDrive\Desktop\BasicsJS\Fundo-note\Fundo-note\node_modules\express\lib\router\index.js:346:12)
    at next (C:\Users\Gajanan\OneDrive\Desktop\BasicsJS\Fundo-note\Fundo-note\node_modules\express\lib\router\index.js:280:10)
    at Function.handle (C:\Users\Gajanan\OneDrive\Desktop\BasicsJS\Fundo-note\Fundo-note\node_modules\express\lib\router\index.js:175:3)
    at router (C:\Users\Gajanan\OneDrive\Desktop\BasicsJS\Fundo-note\Fundo-note\node_modules\express\lib\router\index.js:47:12)
    at Layer.handle [as handle_request] (C:\Users\Gajanan\OneDrive\Desktop\BasicsJS\Fundo-note\Fundo-note\node_modules\express\lib\router\layer.js:95:5)
    at trim_prefix (C:\Users\Gajanan\OneDrive\Desktop\BasicsJS\Fundo-note\Fundo-note\node_modules\express\lib\router\index.js:328:13)
    at C:\Users\Gajanan\OneDrive\Desktop\BasicsJS\Fundo-note\Fundo-note\node_modules\express\lib\router\index.js:286:9
    at Function.process_params (C:\Users\Gajanan\OneDrive\Desktop\BasicsJS\Fundo-note\Fundo-note\node_modules\express\lib\router\index.js:346:12)
    at next (C:\Users\Gajanan\OneDrive\Desktop\BasicsJS\Fundo-note\Fundo-note\node_modules\express\lib\router\index.js:280:10)
    at logger (C:\Users\Gajanan\OneDrive\Desktop\BasicsJS\Fundo-note\Fundo-note\node_modules\morgan\index.js:144:5)
    at Layer.handle [as handle_request] (C:\Users\Gajanan\OneDrive\Desktop\BasicsJS\Fundo-note\Fundo-note\node_modules\express\lib\router\layer.js:95:5)
    at trim_prefix (C:\Users\Gajanan\OneDrive\Desktop\BasicsJS\Fundo-note\Fundo-note\node_modules\express\lib\router\index.js:328:13)
    at C:\Users\Gajanan\OneDrive\Desktop\BasicsJS\Fundo-note\Fundo-note\node_modules\express\lib\router\index.js:286:9
    at Function.process_params (C:\Users\Gajanan\OneDrive\Desktop\BasicsJS\Fundo-note\Fundo-note\node_modules\express\lib\router\index.js:346:12)
    at next (C:\Users\Gajanan\OneDrive\Desktop\BasicsJS\Fundo-note\Fundo-note\node_modules\express\lib\router\index.js:280:10)
    at jsonParser (C:\Users\Gajanan\OneDrive\Desktop\BasicsJS\Fundo-note\Fundo-note\node_modules\body-parser\lib\types\json.js:119:7)
    at Layer.handle [as handle_request] (C:\Users\Gajanan\OneDrive\Desktop\BasicsJS\Fundo-note\Fundo-note\node_modules\express\lib\router\layer.js:95:5)
    at trim_prefix (C:\Users\Gajanan\OneDrive\Desktop\BasicsJS\Fundo-note\Fundo-note\node_modules\express\lib\router\index.js:328:13)
    at C:\Users\Gajanan\OneDrive\Desktop\BasicsJS\Fundo-note\Fundo-note\node_modules\express\lib\router\index.js:286:9
    at Function.process_params (C:\Users\Gajanan\OneDrive\Desktop\BasicsJS\Fundo-note\Fundo-note\node_modules\express\lib\router\index.js:346:12)
    at next (C:\Users\Gajanan\OneDrive\Desktop\BasicsJS\Fundo-note\Fundo-note\node_modules\express\lib\router\index.js:280:10)
    at urlencodedParser (C:\Users\Gajanan\OneDrive\Desktop\BasicsJS\Fundo-note\Fundo-note\node_modules\body-parser\lib\types\urlencoded.js:100:7)
    at Layer.handle [as handle_request] (C:\Users\Gajanan\OneDrive\Desktop\BasicsJS\Fundo-note\Fundo-note\node_modules\express\lib\router\layer.js:95:5)
    at trim_prefix (C:\Users\Gajanan\OneDrive\Desktop\BasicsJS\Fundo-note\Fundo-note\node_modules\express\lib\router\index.js:328:13)
    at C:\Users\Gajanan\OneDrive\Desktop\BasicsJS\Fundo-note\Fundo-note\node_modules\express\lib\router\index.js:286:9
    at Function.process_params (C:\Users\Gajanan\OneDrive\Desktop\BasicsJS\Fundo-note\Fundo-note\node_modules\express\lib\router\index.js:346:12)
    at next (C:\Users\Gajanan\OneDrive\Desktop\BasicsJS\Fundo-note\Fundo-note\node_modules\express\lib\router\index.js:280:10)
    at internalNext (C:\Users\Gajanan\OneDrive\Desktop\BasicsJS\Fundo-note\Fundo-note\node_modules\helmet\dist\index.js:142:6) 
    url - /api/v1/notes 
    method - GET 
    IP - ::1
   {"timestamp":"2022-12-23T06:50:47.070Z"}
info: Server started at http://localhost:5000/api/v1/ {"timestamp":"2022-12-23T06:51:26.539Z"}
info: Connected to the database. {"timestamp":"2022-12-23T06:51:29.378Z"}
error: 
    status - 500 
    message - TypeError: notesService.getAllUsers is not a function
    at _callee$ (C:\Users\Gajanan\OneDrive\Desktop\BasicsJS\Fundo-note\Fundo-note\src\controllers\/notes.controller.js:12:37)
    at tryCatch (C:\Users\Gajanan\OneDrive\Desktop\BasicsJS\Fundo-note\Fundo-note\node_modules\@babel\runtime\helpers\regeneratorRuntime.js:44:17)
    at Generator.<anonymous> (C:\Users\Gajanan\OneDrive\Desktop\BasicsJS\Fundo-note\Fundo-note\node_modules\@babel\runtime\helpers\regeneratorRuntime.js:125:22)
    at Generator.next (C:\Users\Gajanan\OneDrive\Desktop\BasicsJS\Fundo-note\Fundo-note\node_modules\@babel\runtime\helpers\regeneratorRuntime.js:69:21)
    at asyncGeneratorStep (C:\Users\Gajanan\OneDrive\Desktop\BasicsJS\Fundo-note\Fundo-note\node_modules\@babel\runtime\helpers\asyncToGenerator.js:3:24)
    at _next (C:\Users\Gajanan\OneDrive\Desktop\BasicsJS\Fundo-note\Fundo-note\node_modules\@babel\runtime\helpers\asyncToGenerator.js:22:9)
    at C:\Users\Gajanan\OneDrive\Desktop\BasicsJS\Fundo-note\Fundo-note\node_modules\@babel\runtime\helpers\asyncToGenerator.js:27:7
    at new Promise (<anonymous>)
    at C:\Users\Gajanan\OneDrive\Desktop\BasicsJS\Fundo-note\Fundo-note\node_modules\@babel\runtime\helpers\asyncToGenerator.js:19:12
    at getAllnotes (C:\Users\Gajanan\OneDrive\Desktop\BasicsJS\Fundo-note\Fundo-note\src\controllers\/notes.controller.js:10:25)
    at Layer.handle [as handle_request] (C:\Users\Gajanan\OneDrive\Desktop\BasicsJS\Fundo-note\Fundo-note\node_modules\express\lib\router\layer.js:95:5)
    at next (C:\Users\Gajanan\OneDrive\Desktop\BasicsJS\Fundo-note\Fundo-note\node_modules\express\lib\router\route.js:144:13)
    at Route.dispatch (C:\Users\Gajanan\OneDrive\Desktop\BasicsJS\Fundo-note\Fundo-note\node_modules\express\lib\router\route.js:114:3)
    at Layer.handle [as handle_request] (C:\Users\Gajanan\OneDrive\Desktop\BasicsJS\Fundo-note\Fundo-note\node_modules\express\lib\router\layer.js:95:5)
    at C:\Users\Gajanan\OneDrive\Desktop\BasicsJS\Fundo-note\Fundo-note\node_modules\express\lib\router\index.js:284:15
    at Function.process_params (C:\Users\Gajanan\OneDrive\Desktop\BasicsJS\Fundo-note\Fundo-note\node_modules\express\lib\router\index.js:346:12)
    at next (C:\Users\Gajanan\OneDrive\Desktop\BasicsJS\Fundo-note\Fundo-note\node_modules\express\lib\router\index.js:280:10)
    at Function.handle (C:\Users\Gajanan\OneDrive\Desktop\BasicsJS\Fundo-note\Fundo-note\node_modules\express\lib\router\index.js:175:3)
    at router (C:\Users\Gajanan\OneDrive\Desktop\BasicsJS\Fundo-note\Fundo-note\node_modules\express\lib\router\index.js:47:12)
    at Layer.handle [as handle_request] (C:\Users\Gajanan\OneDrive\Desktop\BasicsJS\Fundo-note\Fundo-note\node_modules\express\lib\router\layer.js:95:5)
    at trim_prefix (C:\Users\Gajanan\OneDrive\Desktop\BasicsJS\Fundo-note\Fundo-note\node_modules\express\lib\router\index.js:328:13)
    at C:\Users\Gajanan\OneDrive\Desktop\BasicsJS\Fundo-note\Fundo-note\node_modules\express\lib\router\index.js:286:9
    at Function.process_params (C:\Users\Gajanan\OneDrive\Desktop\BasicsJS\Fundo-note\Fundo-note\node_modules\express\lib\router\index.js:346:12)
    at next (C:\Users\Gajanan\OneDrive\Desktop\BasicsJS\Fundo-note\Fundo-note\node_modules\express\lib\router\index.js:280:10)
    at Function.handle (C:\Users\Gajanan\OneDrive\Desktop\BasicsJS\Fundo-note\Fundo-note\node_modules\express\lib\router\index.js:175:3)
    at router (C:\Users\Gajanan\OneDrive\Desktop\BasicsJS\Fundo-note\Fundo-note\node_modules\express\lib\router\index.js:47:12)
    at Layer.handle [as handle_request] (C:\Users\Gajanan\OneDrive\Desktop\BasicsJS\Fundo-note\Fundo-note\node_modules\express\lib\router\layer.js:95:5)
    at trim_prefix (C:\Users\Gajanan\OneDrive\Desktop\BasicsJS\Fundo-note\Fundo-note\node_modules\express\lib\router\index.js:328:13)
    at C:\Users\Gajanan\OneDrive\Desktop\BasicsJS\Fundo-note\Fundo-note\node_modules\express\lib\router\index.js:286:9
    at Function.process_params (C:\Users\Gajanan\OneDrive\Desktop\BasicsJS\Fundo-note\Fundo-note\node_modules\express\lib\router\index.js:346:12)
    at next (C:\Users\Gajanan\OneDrive\Desktop\BasicsJS\Fundo-note\Fundo-note\node_modules\express\lib\router\index.js:280:10)
    at logger (C:\Users\Gajanan\OneDrive\Desktop\BasicsJS\Fundo-note\Fundo-note\node_modules\morgan\index.js:144:5)
    at Layer.handle [as handle_request] (C:\Users\Gajanan\OneDrive\Desktop\BasicsJS\Fundo-note\Fundo-note\node_modules\express\lib\router\layer.js:95:5)
    at trim_prefix (C:\Users\Gajanan\OneDrive\Desktop\BasicsJS\Fundo-note\Fundo-note\node_modules\express\lib\router\index.js:328:13)
    at C:\Users\Gajanan\OneDrive\Desktop\BasicsJS\Fundo-note\Fundo-note\node_modules\express\lib\router\index.js:286:9
    at Function.process_params (C:\Users\Gajanan\OneDrive\Desktop\BasicsJS\Fundo-note\Fundo-note\node_modules\express\lib\router\index.js:346:12)
    at next (C:\Users\Gajanan\OneDrive\Desktop\BasicsJS\Fundo-note\Fundo-note\node_modules\express\lib\router\index.js:280:10)
    at jsonParser (C:\Users\Gajanan\OneDrive\Desktop\BasicsJS\Fundo-note\Fundo-note\node_modules\body-parser\lib\types\json.js:119:7)
    at Layer.handle [as handle_request] (C:\Users\Gajanan\OneDrive\Desktop\BasicsJS\Fundo-note\Fundo-note\node_modules\express\lib\router\layer.js:95:5)
    at trim_prefix (C:\Users\Gajanan\OneDrive\Desktop\BasicsJS\Fundo-note\Fundo-note\node_modules\express\lib\router\index.js:328:13)
    at C:\Users\Gajanan\OneDrive\Desktop\BasicsJS\Fundo-note\Fundo-note\node_modules\express\lib\router\index.js:286:9
    at Function.process_params (C:\Users\Gajanan\OneDrive\Desktop\BasicsJS\Fundo-note\Fundo-note\node_modules\express\lib\router\index.js:346:12)
    at next (C:\Users\Gajanan\OneDrive\Desktop\BasicsJS\Fundo-note\Fundo-note\node_modules\express\lib\router\index.js:280:10)
    at urlencodedParser (C:\Users\Gajanan\OneDrive\Desktop\BasicsJS\Fundo-note\Fundo-note\node_modules\body-parser\lib\types\urlencoded.js:100:7)
    at Layer.handle [as handle_request] (C:\Users\Gajanan\OneDrive\Desktop\BasicsJS\Fundo-note\Fundo-note\node_modules\express\lib\router\layer.js:95:5)
    at trim_prefix (C:\Users\Gajanan\OneDrive\Desktop\BasicsJS\Fundo-note\Fundo-note\node_modules\express\lib\router\index.js:328:13)
    at C:\Users\Gajanan\OneDrive\Desktop\BasicsJS\Fundo-note\Fundo-note\node_modules\express\lib\router\index.js:286:9
    at Function.process_params (C:\Users\Gajanan\OneDrive\Desktop\BasicsJS\Fundo-note\Fundo-note\node_modules\express\lib\router\index.js:346:12)
    at next (C:\Users\Gajanan\OneDrive\Desktop\BasicsJS\Fundo-note\Fundo-note\node_modules\express\lib\router\index.js:280:10)
    at internalNext (C:\Users\Gajanan\OneDrive\Desktop\BasicsJS\Fundo-note\Fundo-note\node_modules\helmet\dist\index.js:142:6) 
    url - /api/v1/notes 
    method - GET 
    IP - ::1
   {"timestamp":"2022-12-23T06:51:38.968Z"}
info: Server started at http://localhost:5000/api/v1/ {"timestamp":"2022-12-23T06:54:33.562Z"}
info: Connected to the database. {"timestamp":"2022-12-23T06:54:36.356Z"}
info: Server started at http://localhost:5000/api/v1/ {"timestamp":"2022-12-23T06:59:16.012Z"}
info: Connected to the database. {"timestamp":"2022-12-23T06:59:18.657Z"}
info: Server started at http://localhost:5000/api/v1/ {"timestamp":"2022-12-23T07:00:33.190Z"}
info: Connected to the database. {"timestamp":"2022-12-23T07:00:35.806Z"}
info: Server started at http://localhost:5000/api/v1/ {"timestamp":"2022-12-23T07:01:46.886Z"}
info: Connected to the database. {"timestamp":"2022-12-23T07:01:49.432Z"}
info: Server started at http://localhost:5000/api/v1/ {"timestamp":"2022-12-23T07:03:11.779Z"}
info: Connected to the database. {"timestamp":"2022-12-23T07:03:19.703Z"}
info: Server started at http://localhost:5000/api/v1/ {"timestamp":"2022-12-23T07:04:59.255Z"}
info: Connected to the database. {"timestamp":"2022-12-23T07:05:02.266Z"}
info: Server started at http://localhost:5000/api/v1/ {"timestamp":"2022-12-23T07:10:12.355Z"}
info: Connected to the database. {"timestamp":"2022-12-23T07:10:15.142Z"}
info: Server started at http://localhost:5000/api/v1/ {"timestamp":"2022-12-23T07:12:42.296Z"}
info: Connected to the database. {"timestamp":"2022-12-23T07:12:47.525Z"}
