info: Server started at http://localhost:5000/api/v1/ {"timestamp":"2022-12-22T02:34:41.820Z"}
info: Connected to the database. {"timestamp":"2022-12-22T02:34:45.254Z"}
error: 
    status - 500 
    message - Error: User with same mailid Already exits
    at _callee2$ (C:\Users\Gajanan\OneDrive\Desktop\BasicsJS\Fundo-note\Fundo-note\src\services\/user.service.js:13:11)
    at tryCatch (C:\Users\Gajanan\OneDrive\Desktop\BasicsJS\Fundo-note\Fundo-note\node_modules\@babel\runtime\helpers\regeneratorRuntime.js:44:17)
    at Generator.<anonymous> (C:\Users\Gajanan\OneDrive\Desktop\BasicsJS\Fundo-note\Fundo-note\node_modules\@babel\runtime\helpers\regeneratorRuntime.js:125:22)
    at Generator.next (C:\Users\Gajanan\OneDrive\Desktop\BasicsJS\Fundo-note\Fundo-note\node_modules\@babel\runtime\helpers\regeneratorRuntime.js:69:21)
    at asyncGeneratorStep (C:\Users\Gajanan\OneDrive\Desktop\BasicsJS\Fundo-note\Fundo-note\node_modules\@babel\runtime\helpers\asyncToGenerator.js:3:24)
    at _next (C:\Users\Gajanan\OneDrive\Desktop\BasicsJS\Fundo-note\Fundo-note\node_modules\@babel\runtime\helpers\asyncToGenerator.js:22:9)
    at processTicksAndRejections (node:internal/process/task_queues:95:5) 
    url - /api/v1/users/register 
    method - POST 
    IP - ::1
   {"timestamp":"2022-12-22T02:35:32.857Z"}
info: Server started at http://localhost:5000/api/v1/ {"timestamp":"2022-12-22T04:29:14.782Z"}
info: Connected to the database. {"timestamp":"2022-12-22T04:29:18.525Z"}
info: Server started at http://localhost:5000/api/v1/ {"timestamp":"2022-12-22T04:31:17.903Z"}
info: Connected to the database. {"timestamp":"2022-12-22T04:31:21.421Z"}
error: 
    status - 500 
    message - Error: Entered invalid EmailId
    at _callee3$ (C:\Users\Gajanan\OneDrive\Desktop\BasicsJS\Fundo-note\Fundo-note\src\services\/user.service.js:51:11)
    at tryCatch (C:\Users\Gajanan\OneDrive\Desktop\BasicsJS\Fundo-note\Fundo-note\node_modules\@babel\runtime\helpers\regeneratorRuntime.js:44:17)
    at Generator.<anonymous> (C:\Users\Gajanan\OneDrive\Desktop\BasicsJS\Fundo-note\Fundo-note\node_modules\@babel\runtime\helpers\regeneratorRuntime.js:125:22)
    at Generator.next (C:\Users\Gajanan\OneDrive\Desktop\BasicsJS\Fundo-note\Fundo-note\node_modules\@babel\runtime\helpers\regeneratorRuntime.js:69:21)
    at asyncGeneratorStep (C:\Users\Gajanan\OneDrive\Desktop\BasicsJS\Fundo-note\Fundo-note\node_modules\@babel\runtime\helpers\asyncToGenerator.js:3:24)
    at _next (C:\Users\Gajanan\OneDrive\Desktop\BasicsJS\Fundo-note\Fundo-note\node_modules\@babel\runtime\helpers\asyncToGenerator.js:22:9)
    at processTicksAndRejections (node:internal/process/task_queues:95:5) 
    url - /api/v1/users/loginuser 
    method - POST 
    IP - ::1
   {"timestamp":"2022-12-22T04:31:25.649Z"}
info: Server started at http://localhost:5000/api/v1/ {"timestamp":"2022-12-22T04:33:40.193Z"}
info: Connected to the database. {"timestamp":"2022-12-22T04:33:48.720Z"}
error: 
    status - 500 
    message - Error: Invalid  email
    at _callee3$ (C:\Users\Gajanan\OneDrive\Desktop\BasicsJS\Fundo-note\Fundo-note\src\services\/user.service.js:37:11)
    at tryCatch (C:\Users\Gajanan\OneDrive\Desktop\BasicsJS\Fundo-note\Fundo-note\node_modules\@babel\runtime\helpers\regeneratorRuntime.js:44:17)
    at Generator.<anonymous> (C:\Users\Gajanan\OneDrive\Desktop\BasicsJS\Fundo-note\Fundo-note\node_modules\@babel\runtime\helpers\regeneratorRuntime.js:125:22)
    at Generator.next (C:\Users\Gajanan\OneDrive\Desktop\BasicsJS\Fundo-note\Fundo-note\node_modules\@babel\runtime\helpers\regeneratorRuntime.js:69:21)
    at asyncGeneratorStep (C:\Users\Gajanan\OneDrive\Desktop\BasicsJS\Fundo-note\Fundo-note\node_modules\@babel\runtime\helpers\asyncToGenerator.js:3:24)
    at _next (C:\Users\Gajanan\OneDrive\Desktop\BasicsJS\Fundo-note\Fundo-note\node_modules\@babel\runtime\helpers\asyncToGenerator.js:22:9)
    at processTicksAndRejections (node:internal/process/task_queues:95:5) 
    url - /api/v1/users/loginuser 
    method - POST 
    IP - ::1
   {"timestamp":"2022-12-22T04:33:48.959Z"}
info: Server started at http://localhost:5000/api/v1/ {"timestamp":"2022-12-22T04:34:42.836Z"}
info: Connected to the database. {"timestamp":"2022-12-22T04:34:45.755Z"}
info: Server started at http://localhost:5000/api/v1/ {"timestamp":"2022-12-22T04:35:45.253Z"}
info: Connected to the database. {"timestamp":"2022-12-22T04:35:50.681Z"}
info: Server started at http://localhost:5000/api/v1/ {"timestamp":"2022-12-22T04:50:09.890Z"}
info: Connected to the database. {"timestamp":"2022-12-22T04:50:12.969Z"}
error: 
    status - 500 
    message - Error: Invalid  EmailId
    at _callee3$ (C:\Users\Gajanan\OneDrive\Desktop\BasicsJS\Fundo-note\Fundo-note\src\services\/user.service.js:38:11)
    at tryCatch (C:\Users\Gajanan\OneDrive\Desktop\BasicsJS\Fundo-note\Fundo-note\node_modules\@babel\runtime\helpers\regeneratorRuntime.js:44:17)
    at Generator.<anonymous> (C:\Users\Gajanan\OneDrive\Desktop\BasicsJS\Fundo-note\Fundo-note\node_modules\@babel\runtime\helpers\regeneratorRuntime.js:125:22)
    at Generator.next (C:\Users\Gajanan\OneDrive\Desktop\BasicsJS\Fundo-note\Fundo-note\node_modules\@babel\runtime\helpers\regeneratorRuntime.js:69:21)
    at asyncGeneratorStep (C:\Users\Gajanan\OneDrive\Desktop\BasicsJS\Fundo-note\Fundo-note\node_modules\@babel\runtime\helpers\asyncToGenerator.js:3:24)
    at _next (C:\Users\Gajanan\OneDrive\Desktop\BasicsJS\Fundo-note\Fundo-note\node_modules\@babel\runtime\helpers\asyncToGenerator.js:22:9)
    at processTicksAndRejections (node:internal/process/task_queues:95:5) 
    url - /api/v1/users/loginuser 
    method - POST 
    IP - ::1
   {"timestamp":"2022-12-22T04:51:42.032Z"}
error: 
    status - 500 
    message - TypeError: Cannot read properties of undefined (reading 'loginuser')
    at _callee3$ (C:\Users\Gajanan\OneDrive\Desktop\BasicsJS\Fundo-note\Fundo-note\src\services\/user.service.js:32:23)
    at tryCatch (C:\Users\Gajanan\OneDrive\Desktop\BasicsJS\Fundo-note\Fundo-note\node_modules\@babel\runtime\helpers\regeneratorRuntime.js:44:17)
    at Generator.<anonymous> (C:\Users\Gajanan\OneDrive\Desktop\BasicsJS\Fundo-note\Fundo-note\node_modules\@babel\runtime\helpers\regeneratorRuntime.js:125:22)
    at Generator.next (C:\Users\Gajanan\OneDrive\Desktop\BasicsJS\Fundo-note\Fundo-note\node_modules\@babel\runtime\helpers\regeneratorRuntime.js:69:21)
    at asyncGeneratorStep (C:\Users\Gajanan\OneDrive\Desktop\BasicsJS\Fundo-note\Fundo-note\node_modules\@babel\runtime\helpers\asyncToGenerator.js:3:24)
    at _next (C:\Users\Gajanan\OneDrive\Desktop\BasicsJS\Fundo-note\Fundo-note\node_modules\@babel\runtime\helpers\asyncToGenerator.js:22:9)
    at processTicksAndRejections (node:internal/process/task_queues:95:5) 
    url - /api/v1/users/loginuser 
    method - POST 
    IP - ::1
   {"timestamp":"2022-12-22T04:51:49.362Z"}
info: Server started at http://localhost:5000/api/v1/ {"timestamp":"2022-12-22T04:52:17.602Z"}
info: Connected to the database. {"timestamp":"2022-12-22T04:52:20.276Z"}
error: 
    status - 500 
    message - TypeError: Cannot read properties of undefined (reading 'sign')
    at _callee3$ (C:\Users\Gajanan\OneDrive\Desktop\BasicsJS\Fundo-note\Fundo-note\src\services\/user.service.js:32:23)
    at tryCatch (C:\Users\Gajanan\OneDrive\Desktop\BasicsJS\Fundo-note\Fundo-note\node_modules\@babel\runtime\helpers\regeneratorRuntime.js:44:17)
    at Generator.<anonymous> (C:\Users\Gajanan\OneDrive\Desktop\BasicsJS\Fundo-note\Fundo-note\node_modules\@babel\runtime\helpers\regeneratorRuntime.js:125:22)
    at Generator.next (C:\Users\Gajanan\OneDrive\Desktop\BasicsJS\Fundo-note\Fundo-note\node_modules\@babel\runtime\helpers\regeneratorRuntime.js:69:21)
    at asyncGeneratorStep (C:\Users\Gajanan\OneDrive\Desktop\BasicsJS\Fundo-note\Fundo-note\node_modules\@babel\runtime\helpers\asyncToGenerator.js:3:24)
    at _next (C:\Users\Gajanan\OneDrive\Desktop\BasicsJS\Fundo-note\Fundo-note\node_modules\@babel\runtime\helpers\asyncToGenerator.js:22:9)
    at processTicksAndRejections (node:internal/process/task_queues:95:5) 
    url - /api/v1/users/loginuser 
    method - POST 
    IP - ::1
   {"timestamp":"2022-12-22T04:52:25.188Z"}
info: Server started at http://localhost:5000/api/v1/ {"timestamp":"2022-12-22T04:55:16.492Z"}
info: Connected to the database. {"timestamp":"2022-12-22T04:55:19.592Z"}
info: Server started at http://localhost:5000/api/v1/ {"timestamp":"2022-12-22T04:58:57.572Z"}
info: Connected to the database. {"timestamp":"2022-12-22T04:59:00.501Z"}
info: Server started at http://localhost:5000/api/v1/ {"timestamp":"2022-12-22T05:03:13.562Z"}
info: Connected to the database. {"timestamp":"2022-12-22T05:03:16.516Z"}
info: Server started at http://localhost:5000/api/v1/ {"timestamp":"2022-12-22T05:15:47.004Z"}
info: Connected to the database. {"timestamp":"2022-12-22T05:15:49.672Z"}
info: Server started at http://localhost:5000/api/v1/ {"timestamp":"2022-12-22T05:17:10.032Z"}
info: Connected to the database. {"timestamp":"2022-12-22T05:17:12.699Z"}
info: Server started at http://localhost:5000/api/v1/ {"timestamp":"2022-12-22T05:17:58.719Z"}
info: Connected to the database. {"timestamp":"2022-12-22T05:18:06.432Z"}
